0 info it worked if it ends with ok
1 verbose cli [ 'node', '/usr/local/bin/npm', 'publish' ]
2 info using npm@3.3.8
3 info using node@v0.10.25
4 verbose node symlink /usr/bin/node
5 verbose publish [ '.' ]
6 silly cache add args [ '.', null ]
7 verbose cache add spec .
8 silly cache add parsed spec { raw: '.',
8 silly cache add   scope: null,
8 silly cache add   name: null,
8 silly cache add   rawSpec: '.',
8 silly cache add   spec: '/home/b-ingle/Documents/git/alerts-client-js',
8 silly cache add   type: 'directory' }
9 verbose addLocalDirectory /home/b-ingle/.npm/alerts-management-client/0.0.5/package.tgz not in flight; packing
10 info lifecycle alerts-management-client@0.0.5~prepublish: alerts-management-client@0.0.5
11 silly lifecycle alerts-management-client@0.0.5~prepublish: no script for prepublish, continuing
12 verbose tar pack [ '/home/b-ingle/.npm/alerts-management-client/0.0.5/package.tgz',
12 verbose tar pack   '/home/b-ingle/Documents/git/alerts-client-js' ]
13 verbose tarball /home/b-ingle/.npm/alerts-management-client/0.0.5/package.tgz
14 verbose folder /home/b-ingle/Documents/git/alerts-client-js
15 verbose addLocalTarball adding from inside cache /home/b-ingle/.npm/alerts-management-client/0.0.5/package.tgz
16 silly cache afterAdd alerts-management-client@0.0.5
17 verbose afterAdd /home/b-ingle/.npm/alerts-management-client/0.0.5/package/package.json not in flight; writing
18 verbose afterAdd /home/b-ingle/.npm/alerts-management-client/0.0.5/package/package.json written
19 silly publish { name: 'alerts-management-client',
19 silly publish   version: '0.0.5',
19 silly publish   description: 'Javascript library for managing Barchart alerts',
19 silly publish   author:
19 silly publish    { name: 'Bryan Ingle',
19 silly publish      email: 'bryan.ingle@barchart.com',
19 silly publish      url: 'http://www.barchart.com' },
19 silly publish   main: './dist/barchart-alerts-api-0.0.js',
19 silly publish   scripts:
19 silly publish    { test: 'echo "Error: no test specified" && exit 1',
19 silly publish      build: 'browserify ./lib/index.js -s Barchart.Alerts -o dist/barchart-alerts-api.js',
19 silly publish      version: 'npm run build && git add -A dist && git push --follow-tags',
19 silly publish      watch: 'watchify ./lib/index.js -s Barchart.Alerts -o dist/barchart-alerts-api.js' },
19 silly publish   repository:
19 silly publish    { type: 'git',
19 silly publish      url: 'git+ssh://git@github.com/barchart/alerts-client-js.git' },
19 silly publish   keywords: [ 'Barchart', 'Alerts', 'JavaScript' ],
19 silly publish   dependencies: { 'class.extend': '^0.9.1', lodash: '^3.10.1', when: '^3.7.7' },
19 silly publish   devDependencies:
19 silly publish    { browserify: '~11.2.0',
19 silly publish      glob: '^6.0.1',
19 silly publish      gulp: '~3.9.0',
19 silly publish      'gulp-browserify': '^0.5.1',
19 silly publish      'gulp-bump': '~1.0.0',
19 silly publish      'gulp-git': '~1.6.0',
19 silly publish      'gulp-gitmodified': '~1.0.0',
19 silly publish      'gulp-jasmine': '^2.2.1',
19 silly publish      'gulp-jshint': '~1.11.2',
19 silly publish      'gulp-rename': '^1.2.2',
19 silly publish      'gulp-sourcemaps': '^1.6.0',
19 silly publish      'gulp-uglify': '^1.5.1',
19 silly publish      'gulp-util': '^3.0.7',
19 silly publish      jasmine: '^2.4.1',
19 silly publish      'run-sequence': '~1.1.4',
19 silly publish      'vinyl-buffer': '^1.0.0',
19 silly publish      'vinyl-source-stream': '^1.1.0',
19 silly publish      'vinyl-transform': '^1.0.0',
19 silly publish      watchify: '~3.4.0' },
19 silly publish   browser: { './lib/network/rest/RestProvider.js': './lib/network/rest/browser/RestProvider.js' },
19 silly publish   license: 'MIT',
19 silly publish   private: false,
19 silly publish   readme: '# alerts-management-client\n\n## Javascript library for managing Barchart alerts\n\nThe Barchart Alert system provides notifications (e.g. SMS messages, emails, etc) to\nBarchart users when user-defined events occur. These events are typically based on\nmarket date (e.g. when a stock trades in excess of a given price). \n\nThis library allows a user to create, delete, and otherwise manage their alerts.\n\n\n##Setup\n\nThis library is intended for use in the browser or headless JavaScript environments\n(i.e. Node.js). It has been released via the usual package managers.\n\n\n###npm\n\nTo import the library as a dependency to your application using npm, use the following command:\n\n\n\tnpm install alerts-management-client -S\n\t\n\n###bower\n\nTo import the library as a dependency to your application using bower, use the following command:\n\n\n\tbower install alerts-management-client -S\n\t\n\n###git\n\nThe git repository is publically-accessible here:\n\n\n\thttps://github.com/barchart/alerts-client-js\n\n\n##Usage\n\nThe Barchart Alert Management system exposes both REST and socket.io[http://socket.io] endpoints. \nHowever, this library is essentially a convience-wrapper interacting with the Barchart Alert \nManagement system. So, instead of invoking these transports directly, and worrying about the \ndetails of the protocol, the consumers can make single-line method calls to perform asynchronous \noperations (e.g. create alert, delete alert, etc).\n\n\n###Browser Dependencies\n\nWhen using this library in a brower, jQuery must be loaded.\n\n\n###Example\n\nAn working example browser implementation can be found in the git repository at:\n\n\n\t/example/browser/example.html\n\t\n\nClone the git repository and open the HTML page in a browser. The consumer\ncode is contained within a script block of the HTML.\n\n\n###Initialization\n\nIn the browser, an object has been added to the global namespace. Connect as follows:\n\n\n\tvar alertManager = new Barchart.Alerts.RestAlertManager();\n\n\nAlternately, the URL and port of the alert management system can be passed to the \nconstructor:\n\n\n\tvar alertManager = new Barchart.Alerts.RestAlertManager(\'alerts-management-stage.elasticbeanstalk.com\', 80);\n\n\n###Data\n\nThe library uses a JSON-in, JSON-out architecture. All data exchanged is in JSON format. \nRequests must supply JSON data. Responses are composed of JSON data.\n\n\n###Asynchronous Operations\n \nAll operations are asynchronous. The result of any method call will be an A+ style promise. Here\nis an example:\n\n\n\talertManager.getServerVersion()\n\t\t.then(function(version) {\n\t\t\tconsole.log(version.semver);\n\t\t})\n\t\t.catch(functoin(error) {\n\t\t\tconsole.log(\'A problem occurred.\');\n\t\t});\n\n\t\n##AlertManager Operations\n\n\n###getServerVersion\n\nReturns the version of the server in a JSON object, as follows:\n\nJSON-in:\n\n\t{\n\t}\n\t\nJSON-out:\n\n\t{\n\t  "semver": "0.0.1"\n\t}\n\n###getConditionOperators\n\nReturns a list of all the conditions that are currently supported by\nthe alert management system. Each alert has at least one condition.\nWhen creating an alert, the "alert_condition_operator_id" must\nbe referenced (see "createAlert" example below).\n\nJSON-in:\n\n\t{\n\t}\n\t\nJSON-out:\n\n\t[\n\t  {\n\t    "alert_condition_operator_id": 1,\n\t    "description": "price above",\n\t    "trigger_value_required": true,\n\t    "trigger_value_type": "number",\n\t    "alert_condition_target_id": 1,\n\t    "object_description": "equity",\n\t    "identifier_description": "symbol"\n\t  },\n\t  {\n\t    "alert_condition_operator_id": 2,\n\t    "description": "price below", \n\t    "trigger_value_required": true,\n\t    "trigger_value_type": "number",\n\t    "alert_condition_target_id": 1,\n\t    "object_description": "equity",\n\t    "identifier_description": "symbol"\n\t  }\n\t]\n\n\n###getPublisherTypes\n\nReturns a list of all the publishing mechanisms that are currently \nsupported by the alert management system. Each alert bas at least\none publisher. When creating an alert, the "alert_condition_operator_id" must\nbe referenced (see "createAlert" example below).\n\nJSON-in:\n\n\t{\n\t}\n\t\nJSON-out:\n\n\t[\n\t  {\n\t    "alert_publisher_type_id": 1,\n\t    "transport": "sms",\n\t    "provider": "twillio"\n\t  },\n\t  { \n\t    "alert_publisher_type_id": 2,\n\t    "transport": "email",\n\t    "provider": "ses"\n\t  }\n\t]\n\t\n\t\n###createAlert\n\nThe following JSON object can be used to create an alert (with one trigger\ncondition and two publishers).\n\nJSON-in:\n\n\t{\n\t  "user_id":"barchart-test-user",\n\t  "name":"TSLA above 225",\n\t  "conditions":[\n\t\t{\n\t      "alert_condition_operator_id": 1,\n\t\t  "target_identifier": "TSLA",\n\t\t  "trigger_value": "225"\n\t\t}\n\t  ],\n\t  "publishers":[\n\t\t{\n\t\t  "alert_publisher_type_id": 2,\n\t\t  "recipient":"bryan.ingle@barchart.com",\n\t\t  "format":"The price of TSLA is above $225."\n\t\t},\n\t\t{\n\t\t  "alert_publisher_type_id":1,\n\t\t  "recipient":"123-456-7890",\n\t\t  "format":"The price of TSLA is above $225."\n\t\t}\n\t  ]\n\t}\n\n\nUpon successful creation of the alert, the server will respond with something like the\nfollowing. Identifiers (UUID) are assigned and additional fields are added.\n\nJSON-out:\n\t\n\t{\n\t  "alert_id": "59ddfd0b-89db-4886-85c3-eb8e7a289390",\n\t  "user_id": "barchart-test-user",\n\t  "name": "TSLA above 225",\n\t  "create_date": "1453219187105",\n\t  "alert_state": "Inactive",\n\t  "conditions":[\n\t\t{\n\t\t  "alert_id": "59ddfd0b-89db-4886-85c3-eb8e7a289390",\n\t\t  "alert_condition_id": "e3db4fb7-3fec-45eb-a4b4-b07c97954afc",\n\t\t  "target_identifier": "TSLA",\n\t\t  "trigger_value": "225",\n\t\t  "alert_condition_operator_id": 1,\n\t\t  "description": "price above",\n\t\t  "trigger_value_required": true,\n\t\t  "trigger_value_type": "number",\n\t\t  "alert_condition_target_id": 1,\n\t\t  "object_description": "equity",\n\t\t  "identifier_description": "symbol"\n\t\t}\n\t  ],\n\t  "publishers":[\n\t\t{\n\t\t  "alert_id": "59ddfd0b-89db-4886-85c3-eb8e7a289390",\n\t\t  "alert_publisher_id": "54a4ec80-b39e-487c-a83c-7fadab047d8f",\n\t\t  "alert_publisher_type_id": 2,\n\t\t  "recipient": "bryan.ingle@barchart.com",\n\t\t  "format": "The price of TSLA is above $225.",\n\t      "transport": "email",\n\t      "provider": "ses"\n\t\t},\n\t\t{\n\t\t  "alert_id": "59ddfd0b-89db-4886-85c3-eb8e7a289390",\n\t\t  "alert_publisher_id": "ee2dfe1d-a7a0-43e4-9ac5-8b696481f595",\n\t\t  "alert_publisher_type_id": 1,\n\t\t  "recipient": "123-456-7890",\n\t\t  "format": "The price of TSLA is above $225.",\n\t\t  "transport": "sms",\n\t\t  "provider": "twillio"\n\t\t}\n\t  ]\n\t}\n\n\n###retrieveAlert\n\nGets a single alert object, using its identifier:\n\nJSON-in:\n\n\t{\n\t  "alert_id": "59ddfd0b-89db-4886-85c3-eb8e7a289390"\n\t}\n  \t\nJSON-out:\n\n\tsame as "createAlert" JSON-out sample.\n\t\n\n###deleteAlert\n\nDeletes a single alert, using its identifier:\n\nJSON-in:\n\n\t{\n\t  "alert_id": "59ddfd0b-89db-4886-85c3-eb8e7a289390"\n\t}\n  \t\nJSON-out:\n\n\tsame as "createAlert" JSON-out sample.\n\n\n###resetAlert\n\nCauses an alert to begin testing for matched conditions. Notifications\nwill be sent as soon as the alert conditions are matched.\n\nJSON-in:\n\n\t{\n\t  "alert_id": "59ddfd0b-89db-4886-85c3-eb8e7a289390"\n\t}\n  \t\nJSON-out:\n\n\tsame as "createAlert" JSON-out sample.\n\t\n###disableAlert\n\nStops an alert from processing. No notifications will be sent.\n\nJSON-in:\n\n\t{\n\t  "alert_id": "59ddfd0b-89db-4886-85c3-eb8e7a289390"\n\t}\n  \t\nJSON-out:\n\n\tsame as "createAlert" JSON-out sample.\n\n###retrieveAlerts\n\nRetrieves all the alerts for a user account:\n\nJSON-in:\n\n\t{\n\t  "user_id": "barchart-test-user"\n\t}\n  \t\nJSON-out:\n\n\tAn array of items, same as "createAlert" JSON-out sample.\n\n##Unit testing\n\nGulp and Jasmine are used. Execute unit tests, as follows:\n\n\tgulp test',
19 silly publish   readmeFilename: 'README.md',
19 silly publish   gitHead: 'cc763eebf273e3f6b6c71efdef0e621b4dadd382',
19 silly publish   bugs: { url: 'https://github.com/barchart/alerts-client-js/issues' },
19 silly publish   homepage: 'https://github.com/barchart/alerts-client-js#readme',
19 silly publish   _id: 'alerts-management-client@0.0.5',
19 silly publish   _shasum: '6d9cfe8d6fb4bda442ca2d3c2084431ee07f98d9',
19 silly publish   _from: '.' }
20 verbose getPublishConfig undefined
21 silly mapToRegistry name alerts-management-client
22 silly mapToRegistry using default registry
23 silly mapToRegistry registry https://registry.npmjs.org/
24 silly mapToRegistry uri https://registry.npmjs.org/alerts-management-client
25 verbose publish registryBase https://registry.npmjs.org/
26 silly publish uploading /home/b-ingle/.npm/alerts-management-client/0.0.5/package.tgz
27 verbose request uri https://registry.npmjs.org/alerts-management-client
28 verbose request sending authorization for write operation
29 info attempt registry request try #1 at 10:51:19
30 verbose request using bearer token for auth
31 verbose request id d93706b5a23374f3
32 http request PUT https://registry.npmjs.org/alerts-management-client
33 http 403 https://registry.npmjs.org/alerts-management-client
34 verbose headers { 'content-type': 'application/json',
34 verbose headers   'cache-control': 'max-age=300',
34 verbose headers   'content-length': '95',
34 verbose headers   'accept-ranges': 'bytes',
34 verbose headers   date: 'Tue, 19 Jan 2016 16:51:30 GMT',
34 verbose headers   via: '1.1 varnish',
34 verbose headers   connection: 'keep-alive',
34 verbose headers   'x-served-by': 'cache-dfw1834-DFW',
34 verbose headers   'x-cache': 'MISS',
34 verbose headers   'x-cache-hits': '0',
34 verbose headers   'x-timer': 'S1453222289.591395,VS0,VE938' }
35 verbose request invalidating /home/b-ingle/.npm/registry.npmjs.org/alerts-management-client on PUT
36 error publish Failed PUT 403
37 verbose stack Error: "You cannot publish over the previously published version 0.0.5." : alerts-management-client
37 verbose stack     at makeError (/usr/local/lib/node_modules/npm/node_modules/npm-registry-client/lib/request.js:264:12)
37 verbose stack     at CachingRegistryClient.<anonymous> (/usr/local/lib/node_modules/npm/node_modules/npm-registry-client/lib/request.js:252:14)
37 verbose stack     at Request._callback (/usr/local/lib/node_modules/npm/node_modules/npm-registry-client/lib/request.js:172:14)
37 verbose stack     at Request.self.callback (/usr/local/lib/node_modules/npm/node_modules/request/request.js:198:22)
37 verbose stack     at Request.EventEmitter.emit (events.js:98:17)
37 verbose stack     at Request.<anonymous> (/usr/local/lib/node_modules/npm/node_modules/request/request.js:1063:14)
37 verbose stack     at Request.EventEmitter.emit (events.js:117:20)
37 verbose stack     at IncomingMessage.<anonymous> (/usr/local/lib/node_modules/npm/node_modules/request/request.js:1009:12)
37 verbose stack     at IncomingMessage.EventEmitter.emit (events.js:117:20)
37 verbose stack     at _stream_readable.js:920:16
38 verbose statusCode 403
39 verbose pkgid alerts-management-client
40 verbose cwd /home/b-ingle/Documents/git/alerts-client-js
41 error Linux 3.13.0-68-generic
42 error argv "node" "/usr/local/bin/npm" "publish"
43 error node v0.10.25
44 error npm  v3.3.8
45 error code E403
46 error "You cannot publish over the previously published version 0.0.5." : alerts-management-client
47 error If you need help, you may report this error at:
47 error     <https://github.com/npm/npm/issues>
48 verbose exit [ 1, true ]
